24-Feb-2025 15:13:31.303 INFOS [main] org.apache.catalina.startup.VersionLoggerListener.log Nom version serveur :              Apache Tomcat/10.1.35
24-Feb-2025 15:13:31.303 INFOS [main] org.apache.catalina.startup.VersionLoggerListener.log Serveur compilé :                  Feb 4 2025 21:16:31 UTC
24-Feb-2025 15:13:31.303 INFOS [main] org.apache.catalina.startup.VersionLoggerListener.log Version du serveur :               10.1.35.0
24-Feb-2025 15:13:31.303 INFOS [main] org.apache.catalina.startup.VersionLoggerListener.log Nom de l'OS :                      Windows 11
24-Feb-2025 15:13:31.311 INFOS [main] org.apache.catalina.startup.VersionLoggerListener.log Version OS :                       10.0
24-Feb-2025 15:13:31.312 INFOS [main] org.apache.catalina.startup.VersionLoggerListener.log Architecture :                     amd64
24-Feb-2025 15:13:31.312 INFOS [main] org.apache.catalina.startup.VersionLoggerListener.log Java Home :                        C:\Program Files\Eclipse Adoptium\jdk-21.0.3.9-hotspot
24-Feb-2025 15:13:31.312 INFOS [main] org.apache.catalina.startup.VersionLoggerListener.log Version JVM :                      21.0.3+9-LTS
24-Feb-2025 15:13:31.312 INFOS [main] org.apache.catalina.startup.VersionLoggerListener.log Fournisseur de la JVM :            Eclipse Adoptium
24-Feb-2025 15:13:31.312 INFOS [main] org.apache.catalina.startup.VersionLoggerListener.log CATALINA_BASE :                    C:\Users\lou-a\OneDrive\Bureau\EPF\4A\S8\JAVA\apache-tomcat-10.1.35\apache-tomcat-10.1.35
24-Feb-2025 15:13:31.312 INFOS [main] org.apache.catalina.startup.VersionLoggerListener.log CATALINA_HOME :                    C:\Users\lou-a\OneDrive\Bureau\EPF\4A\S8\JAVA\apache-tomcat-10.1.35\apache-tomcat-10.1.35
24-Feb-2025 15:13:31.337 INFOS [main] org.apache.catalina.startup.VersionLoggerListener.log Argument de la ligne de commande : -Djava.util.logging.config.file=C:\Users\lou-a\OneDrive\Bureau\EPF\4A\S8\JAVA\apache-tomcat-10.1.35\apache-tomcat-10.1.35\conf\logging.properties
24-Feb-2025 15:13:31.337 INFOS [main] org.apache.catalina.startup.VersionLoggerListener.log Argument de la ligne de commande : -Djava.util.logging.manager=org.apache.juli.ClassLoaderLogManager
24-Feb-2025 15:13:31.337 INFOS [main] org.apache.catalina.startup.VersionLoggerListener.log Argument de la ligne de commande : -Djdk.tls.ephemeralDHKeySize=2048
24-Feb-2025 15:13:31.337 INFOS [main] org.apache.catalina.startup.VersionLoggerListener.log Argument de la ligne de commande : -Djava.protocol.handler.pkgs=org.apache.catalina.webresources
24-Feb-2025 15:13:31.337 INFOS [main] org.apache.catalina.startup.VersionLoggerListener.log Argument de la ligne de commande : -Dsun.io.useCanonCaches=false
24-Feb-2025 15:13:31.337 INFOS [main] org.apache.catalina.startup.VersionLoggerListener.log Argument de la ligne de commande : --add-opens=java.base/java.lang=ALL-UNNAMED
24-Feb-2025 15:13:31.337 INFOS [main] org.apache.catalina.startup.VersionLoggerListener.log Argument de la ligne de commande : --add-opens=java.base/java.io=ALL-UNNAMED
24-Feb-2025 15:13:31.337 INFOS [main] org.apache.catalina.startup.VersionLoggerListener.log Argument de la ligne de commande : --add-opens=java.base/java.util=ALL-UNNAMED
24-Feb-2025 15:13:31.337 INFOS [main] org.apache.catalina.startup.VersionLoggerListener.log Argument de la ligne de commande : --add-opens=java.base/java.util.concurrent=ALL-UNNAMED
24-Feb-2025 15:13:31.337 INFOS [main] org.apache.catalina.startup.VersionLoggerListener.log Argument de la ligne de commande : --add-opens=java.rmi/sun.rmi.transport=ALL-UNNAMED
24-Feb-2025 15:13:31.337 INFOS [main] org.apache.catalina.startup.VersionLoggerListener.log Argument de la ligne de commande : -Dcatalina.base=C:\Users\lou-a\OneDrive\Bureau\EPF\4A\S8\JAVA\apache-tomcat-10.1.35\apache-tomcat-10.1.35
24-Feb-2025 15:13:31.337 INFOS [main] org.apache.catalina.startup.VersionLoggerListener.log Argument de la ligne de commande : -Dcatalina.home=C:\Users\lou-a\OneDrive\Bureau\EPF\4A\S8\JAVA\apache-tomcat-10.1.35\apache-tomcat-10.1.35
24-Feb-2025 15:13:31.337 INFOS [main] org.apache.catalina.startup.VersionLoggerListener.log Argument de la ligne de commande : -Djava.io.tmpdir=C:\Users\lou-a\OneDrive\Bureau\EPF\4A\S8\JAVA\apache-tomcat-10.1.35\apache-tomcat-10.1.35\temp
24-Feb-2025 15:13:31.350 INFOS [main] org.apache.catalina.core.AprLifecycleListener.lifecycleEvent La librairie Apache Tomcat Native basée sur APR qui permet des performances optimales dans les environnements de production n'a pas été trouvée sur le java.library.path : [C:\Program Files\Eclipse Adoptium\jdk-21.0.3.9-hotspot\bin;C:\Windows\Sun\Java\bin;C:\Windows\system32;C:\Windows;C:\Program Files (x86)\Common Files\Oracle\Java\javapath;C:\Windows\system32;C:\Windows;C:\Windows\System32\Wbem;C:\Windows\System32\WindowsPowerShell\v1.0\;C:\Windows\System32\OpenSSH\;C:\Program Files\MATLAB\R2022a\runtime\win64;C:\Program Files\MATLAB\R2022a\bin;C:\Program Files\dotnet\;C:\Program Files\Git\cmd;C:\Program Files\MySQL\MySQL Server 8.0\bin;C:\Program Files\Eclipse Adoptium\jdk-21.0.3.9-hotspot\bin;C:\Users\lou-a\OneDrive\Bureau\EPF\4A\S8\JAVA\apache-tomcat-10.1.35\apache-tomcat-10.1.35\bin;C:\Users\lou-a\OneDrive\Bureau\EPF\4A\S8\JAVA\apache-maven-3.9.9-bin\apache-maven-3.9.9\bin;C:\Users\lou-a\AppData\Local\Microsoft\WindowsApps;C:\Users\lou-a\AppData\Local\Programs\Microsoft VS Code\bin;C:\Program Files\MySQL\MySQL Server 8.0\bin;C:\Users\lou-a\OneDrive\Bureau\EPF\4A\S8\JAVA\apache-maven-3.9.9-bin\apache-maven-3.9.9\bin;C:\Users\lou-a\OneDrive\Bureau\EPF\4A\S8\JAVA\apache-tomcat-10.1.35\apache-tomcat-10.1.35\bin;C:\xampp\php;C:\Users\lou-a\composer;C:\Users\lou-a\AppData\Roaming\Composer\vendor\bin;C:\MAMP\bin\php\php8.2.14;C:\Users\lou-a\OneDrive\Bureau\EPF\4A\S8\DevWEB\symfony-cli_windows_386;;.]
24-Feb-2025 15:13:31.749 INFOS [main] org.apache.coyote.AbstractProtocol.init Initialisation du gestionnaire de protocole ["http-nio-8080"]
24-Feb-2025 15:13:31.782 INFOS [main] org.apache.catalina.startup.Catalina.load L'initialisation du serveur a pris [832] millisecondes
24-Feb-2025 15:13:31.864 INFOS [main] org.apache.catalina.core.StandardService.startInternal Démarrage du service [Catalina]
24-Feb-2025 15:13:31.864 INFOS [main] org.apache.catalina.core.StandardEngine.startInternal Démarrage du moteur de Servlets : [Apache Tomcat/10.1.35]
24-Feb-2025 15:13:31.880 INFOS [main] org.apache.catalina.startup.HostConfig.deployDirectory Déploiement du répertoire d'application web [C:\Users\lou-a\OneDrive\Bureau\EPF\4A\S8\JAVA\apache-tomcat-10.1.35\apache-tomcat-10.1.35\webapps\docs]
24-Feb-2025 15:13:32.382 INFOS [main] org.apache.catalina.startup.HostConfig.deployDirectory Le déploiement du répertoire [C:\Users\lou-a\OneDrive\Bureau\EPF\4A\S8\JAVA\apache-tomcat-10.1.35\apache-tomcat-10.1.35\webapps\docs] de l'application web s'est terminé en [495] ms
24-Feb-2025 15:13:32.383 INFOS [main] org.apache.catalina.startup.HostConfig.deployDirectory Déploiement du répertoire d'application web [C:\Users\lou-a\OneDrive\Bureau\EPF\4A\S8\JAVA\apache-tomcat-10.1.35\apache-tomcat-10.1.35\webapps\examples]
24-Feb-2025 15:13:33.157 INFOS [main] org.apache.catalina.startup.HostConfig.deployDirectory Le déploiement du répertoire [C:\Users\lou-a\OneDrive\Bureau\EPF\4A\S8\JAVA\apache-tomcat-10.1.35\apache-tomcat-10.1.35\webapps\examples] de l'application web s'est terminé en [774] ms
24-Feb-2025 15:13:33.157 INFOS [main] org.apache.catalina.startup.HostConfig.deployDirectory Déploiement du répertoire d'application web [C:\Users\lou-a\OneDrive\Bureau\EPF\4A\S8\JAVA\apache-tomcat-10.1.35\apache-tomcat-10.1.35\webapps\host-manager]
24-Feb-2025 15:13:33.224 INFOS [main] org.apache.catalina.startup.HostConfig.deployDirectory Le déploiement du répertoire [C:\Users\lou-a\OneDrive\Bureau\EPF\4A\S8\JAVA\apache-tomcat-10.1.35\apache-tomcat-10.1.35\webapps\host-manager] de l'application web s'est terminé en [67] ms
24-Feb-2025 15:13:33.224 INFOS [main] org.apache.catalina.startup.HostConfig.deployDirectory Déploiement du répertoire d'application web [C:\Users\lou-a\OneDrive\Bureau\EPF\4A\S8\JAVA\apache-tomcat-10.1.35\apache-tomcat-10.1.35\webapps\manager]
24-Feb-2025 15:13:33.283 INFOS [main] org.apache.catalina.startup.HostConfig.deployDirectory Le déploiement du répertoire [C:\Users\lou-a\OneDrive\Bureau\EPF\4A\S8\JAVA\apache-tomcat-10.1.35\apache-tomcat-10.1.35\webapps\manager] de l'application web s'est terminé en [59] ms
24-Feb-2025 15:13:33.283 INFOS [main] org.apache.catalina.startup.HostConfig.deployDirectory Déploiement du répertoire d'application web [C:\Users\lou-a\OneDrive\Bureau\EPF\4A\S8\JAVA\apache-tomcat-10.1.35\apache-tomcat-10.1.35\webapps\ROOT]
24-Feb-2025 15:13:33.325 INFOS [main] org.apache.catalina.startup.HostConfig.deployDirectory Le déploiement du répertoire [C:\Users\lou-a\OneDrive\Bureau\EPF\4A\S8\JAVA\apache-tomcat-10.1.35\apache-tomcat-10.1.35\webapps\ROOT] de l'application web s'est terminé en [42] ms
24-Feb-2025 15:13:33.333 INFOS [main] org.apache.coyote.AbstractProtocol.start Démarrage du gestionnaire de protocole ["http-nio-8080"]
24-Feb-2025 15:13:33.374 INFOS [main] org.apache.catalina.startup.Catalina.start Le démarrage du serveur a pris [1586] millisecondes
24-Feb-2025 15:13:51.761 INFOS [main] org.apache.catalina.core.StandardServer.await Une commande d'arrêt valide a été reçue sur le port d'arrêt, arrêt de l'instance du serveur
24-Feb-2025 15:13:51.762 INFOS [main] org.apache.coyote.AbstractProtocol.pause Le gestionnaire de protocole ["http-nio-8080"] est mis en pause
24-Feb-2025 15:13:51.779 INFOS [main] org.apache.catalina.core.StandardService.stopInternal Arrêt du service [Catalina]
24-Feb-2025 15:13:51.828 INFOS [main] org.apache.coyote.AbstractProtocol.stop Arrêt du gestionnaire de protocole ["http-nio-8080"]
24-Feb-2025 15:13:51.854 INFOS [main] org.apache.coyote.AbstractProtocol.destroy Destruction du gestionnaire de protocole ["http-nio-8080"]
24-Feb-2025 15:38:37.843 INFOS [main] org.apache.catalina.startup.VersionLoggerListener.log Nom version serveur :              Apache Tomcat/10.1.35
24-Feb-2025 15:38:37.851 INFOS [main] org.apache.catalina.startup.VersionLoggerListener.log Serveur compilé :                  Feb 4 2025 21:16:31 UTC
24-Feb-2025 15:38:37.851 INFOS [main] org.apache.catalina.startup.VersionLoggerListener.log Version du serveur :               10.1.35.0
24-Feb-2025 15:38:37.851 INFOS [main] org.apache.catalina.startup.VersionLoggerListener.log Nom de l'OS :                      Windows 11
24-Feb-2025 15:38:37.851 INFOS [main] org.apache.catalina.startup.VersionLoggerListener.log Version OS :                       10.0
24-Feb-2025 15:38:37.851 INFOS [main] org.apache.catalina.startup.VersionLoggerListener.log Architecture :                     amd64
24-Feb-2025 15:38:37.851 INFOS [main] org.apache.catalina.startup.VersionLoggerListener.log Java Home :                        C:\Program Files\Eclipse Adoptium\jdk-21.0.3.9-hotspot
24-Feb-2025 15:38:37.851 INFOS [main] org.apache.catalina.startup.VersionLoggerListener.log Version JVM :                      21.0.3+9-LTS
24-Feb-2025 15:38:37.851 INFOS [main] org.apache.catalina.startup.VersionLoggerListener.log Fournisseur de la JVM :            Eclipse Adoptium
24-Feb-2025 15:38:37.851 INFOS [main] org.apache.catalina.startup.VersionLoggerListener.log CATALINA_BASE :                    C:\Users\lou-a\OneDrive\Bureau\EPF\4A\S8\JAVA\apache-tomcat-10.1.35\apache-tomcat-10.1.35
24-Feb-2025 15:38:37.851 INFOS [main] org.apache.catalina.startup.VersionLoggerListener.log CATALINA_HOME :                    C:\Users\lou-a\OneDrive\Bureau\EPF\4A\S8\JAVA\apache-tomcat-10.1.35\apache-tomcat-10.1.35
24-Feb-2025 15:38:37.867 INFOS [main] org.apache.catalina.startup.VersionLoggerListener.log Argument de la ligne de commande : -Djava.util.logging.config.file=C:\Users\lou-a\OneDrive\Bureau\EPF\4A\S8\JAVA\apache-tomcat-10.1.35\apache-tomcat-10.1.35\conf\logging.properties
24-Feb-2025 15:38:37.867 INFOS [main] org.apache.catalina.startup.VersionLoggerListener.log Argument de la ligne de commande : -Djava.util.logging.manager=org.apache.juli.ClassLoaderLogManager
24-Feb-2025 15:38:37.867 INFOS [main] org.apache.catalina.startup.VersionLoggerListener.log Argument de la ligne de commande : -Djdk.tls.ephemeralDHKeySize=2048
24-Feb-2025 15:38:37.867 INFOS [main] org.apache.catalina.startup.VersionLoggerListener.log Argument de la ligne de commande : -Djava.protocol.handler.pkgs=org.apache.catalina.webresources
24-Feb-2025 15:38:37.867 INFOS [main] org.apache.catalina.startup.VersionLoggerListener.log Argument de la ligne de commande : -Dsun.io.useCanonCaches=false
24-Feb-2025 15:38:37.867 INFOS [main] org.apache.catalina.startup.VersionLoggerListener.log Argument de la ligne de commande : --add-opens=java.base/java.lang=ALL-UNNAMED
24-Feb-2025 15:38:37.867 INFOS [main] org.apache.catalina.startup.VersionLoggerListener.log Argument de la ligne de commande : --add-opens=java.base/java.io=ALL-UNNAMED
24-Feb-2025 15:38:37.867 INFOS [main] org.apache.catalina.startup.VersionLoggerListener.log Argument de la ligne de commande : --add-opens=java.base/java.util=ALL-UNNAMED
24-Feb-2025 15:38:37.867 INFOS [main] org.apache.catalina.startup.VersionLoggerListener.log Argument de la ligne de commande : --add-opens=java.base/java.util.concurrent=ALL-UNNAMED
24-Feb-2025 15:38:37.867 INFOS [main] org.apache.catalina.startup.VersionLoggerListener.log Argument de la ligne de commande : --add-opens=java.rmi/sun.rmi.transport=ALL-UNNAMED
24-Feb-2025 15:38:37.867 INFOS [main] org.apache.catalina.startup.VersionLoggerListener.log Argument de la ligne de commande : -Dcatalina.base=C:\Users\lou-a\OneDrive\Bureau\EPF\4A\S8\JAVA\apache-tomcat-10.1.35\apache-tomcat-10.1.35
24-Feb-2025 15:38:37.867 INFOS [main] org.apache.catalina.startup.VersionLoggerListener.log Argument de la ligne de commande : -Dcatalina.home=C:\Users\lou-a\OneDrive\Bureau\EPF\4A\S8\JAVA\apache-tomcat-10.1.35\apache-tomcat-10.1.35
24-Feb-2025 15:38:37.867 INFOS [main] org.apache.catalina.startup.VersionLoggerListener.log Argument de la ligne de commande : -Djava.io.tmpdir=C:\Users\lou-a\OneDrive\Bureau\EPF\4A\S8\JAVA\apache-tomcat-10.1.35\apache-tomcat-10.1.35\temp
24-Feb-2025 15:38:37.884 INFOS [main] org.apache.catalina.core.AprLifecycleListener.lifecycleEvent La librairie Apache Tomcat Native basée sur APR qui permet des performances optimales dans les environnements de production n'a pas été trouvée sur le java.library.path : [C:\Program Files\Eclipse Adoptium\jdk-21.0.3.9-hotspot\bin;C:\Windows\Sun\Java\bin;C:\Windows\system32;C:\Windows;C:\Program Files (x86)\Common Files\Oracle\Java\javapath;C:\Windows\system32;C:\Windows;C:\Windows\System32\Wbem;C:\Windows\System32\WindowsPowerShell\v1.0\;C:\Windows\System32\OpenSSH\;C:\Program Files\MATLAB\R2022a\runtime\win64;C:\Program Files\MATLAB\R2022a\bin;C:\Program Files\dotnet\;C:\Program Files\Git\cmd;C:\Program Files\MySQL\MySQL Server 8.0\bin;C:\Program Files\Eclipse Adoptium\jdk-21.0.3.9-hotspot\bin;C:\Users\lou-a\OneDrive\Bureau\EPF\4A\S8\JAVA\apache-tomcat-10.1.35\apache-tomcat-10.1.35\bin;C:\Users\lou-a\OneDrive\Bureau\EPF\4A\S8\JAVA\apache-maven-3.9.9-bin\apache-maven-3.9.9\bin;C:\Users\lou-a\AppData\Local\Microsoft\WindowsApps;C:\Users\lou-a\AppData\Local\Programs\Microsoft VS Code\bin;C:\Program Files\MySQL\MySQL Server 8.0\bin;C:\Users\lou-a\OneDrive\Bureau\EPF\4A\S8\JAVA\apache-maven-3.9.9-bin\apache-maven-3.9.9\bin;C:\Users\lou-a\OneDrive\Bureau\EPF\4A\S8\JAVA\apache-tomcat-10.1.35\apache-tomcat-10.1.35\bin;C:\xampp\php;C:\Users\lou-a\composer;C:\Users\lou-a\AppData\Roaming\Composer\vendor\bin;C:\MAMP\bin\php\php8.2.14;C:\Users\lou-a\OneDrive\Bureau\EPF\4A\S8\DevWEB\symfony-cli_windows_386;;.]
24-Feb-2025 15:38:38.240 INFOS [main] org.apache.coyote.AbstractProtocol.init Initialisation du gestionnaire de protocole ["http-nio-8080"]
24-Feb-2025 15:38:38.273 INFOS [main] org.apache.catalina.startup.Catalina.load L'initialisation du serveur a pris [690] millisecondes
24-Feb-2025 15:38:38.338 INFOS [main] org.apache.catalina.core.StandardService.startInternal Démarrage du service [Catalina]
24-Feb-2025 15:38:38.346 INFOS [main] org.apache.catalina.core.StandardEngine.startInternal Démarrage du moteur de Servlets : [Apache Tomcat/10.1.35]
24-Feb-2025 15:38:38.371 INFOS [main] org.apache.catalina.startup.HostConfig.deployWAR Déploiement de l'archive [C:\Users\lou-a\OneDrive\Bureau\EPF\4A\S8\JAVA\apache-tomcat-10.1.35\apache-tomcat-10.1.35\webapps\CoursEpfBack.war] de l'application web
24-Feb-2025 15:38:41.748 INFOS [main] org.apache.jasper.servlet.TldScanner.scanJars Au moins un fichier JAR a été analysé pour trouver des TLDs mais il n'en contenait pas, le mode "debug" du journal peut être activé pour obtenir une liste complète de JAR scannés sans succès ; éviter d'analyser des JARs inutilement peut améliorer sensiblement le temps de démarrage et le temps de compilation des JSPs
24-Feb-2025 15:38:42.003 INFOS [main] org.apache.catalina.startup.HostConfig.deployWAR Le déploiement de l'archive de l'application web [C:\Users\lou-a\OneDrive\Bureau\EPF\4A\S8\JAVA\apache-tomcat-10.1.35\apache-tomcat-10.1.35\webapps\CoursEpfBack.war] s'est terminé en [3 632] ms
24-Feb-2025 15:38:42.016 INFOS [main] org.apache.catalina.startup.HostConfig.deployDirectory Déploiement du répertoire d'application web [C:\Users\lou-a\OneDrive\Bureau\EPF\4A\S8\JAVA\apache-tomcat-10.1.35\apache-tomcat-10.1.35\webapps\docs]
24-Feb-2025 15:38:42.084 INFOS [main] org.apache.catalina.startup.HostConfig.deployDirectory Le déploiement du répertoire [C:\Users\lou-a\OneDrive\Bureau\EPF\4A\S8\JAVA\apache-tomcat-10.1.35\apache-tomcat-10.1.35\webapps\docs] de l'application web s'est terminé en [68] ms
24-Feb-2025 15:38:42.092 INFOS [main] org.apache.catalina.startup.HostConfig.deployDirectory Déploiement du répertoire d'application web [C:\Users\lou-a\OneDrive\Bureau\EPF\4A\S8\JAVA\apache-tomcat-10.1.35\apache-tomcat-10.1.35\webapps\examples]
24-Feb-2025 15:38:42.905 INFOS [main] org.apache.catalina.startup.HostConfig.deployDirectory Le déploiement du répertoire [C:\Users\lou-a\OneDrive\Bureau\EPF\4A\S8\JAVA\apache-tomcat-10.1.35\apache-tomcat-10.1.35\webapps\examples] de l'application web s'est terminé en [813] ms
24-Feb-2025 15:38:42.905 INFOS [main] org.apache.catalina.startup.HostConfig.deployDirectory Déploiement du répertoire d'application web [C:\Users\lou-a\OneDrive\Bureau\EPF\4A\S8\JAVA\apache-tomcat-10.1.35\apache-tomcat-10.1.35\webapps\host-manager]
24-Feb-2025 15:38:42.981 INFOS [main] org.apache.catalina.startup.HostConfig.deployDirectory Le déploiement du répertoire [C:\Users\lou-a\OneDrive\Bureau\EPF\4A\S8\JAVA\apache-tomcat-10.1.35\apache-tomcat-10.1.35\webapps\host-manager] de l'application web s'est terminé en [76] ms
24-Feb-2025 15:38:42.981 INFOS [main] org.apache.catalina.startup.HostConfig.deployDirectory Déploiement du répertoire d'application web [C:\Users\lou-a\OneDrive\Bureau\EPF\4A\S8\JAVA\apache-tomcat-10.1.35\apache-tomcat-10.1.35\webapps\manager]
24-Feb-2025 15:38:43.048 INFOS [main] org.apache.catalina.startup.HostConfig.deployDirectory Le déploiement du répertoire [C:\Users\lou-a\OneDrive\Bureau\EPF\4A\S8\JAVA\apache-tomcat-10.1.35\apache-tomcat-10.1.35\webapps\manager] de l'application web s'est terminé en [67] ms
24-Feb-2025 15:38:43.048 INFOS [main] org.apache.catalina.startup.HostConfig.deployDirectory Déploiement du répertoire d'application web [C:\Users\lou-a\OneDrive\Bureau\EPF\4A\S8\JAVA\apache-tomcat-10.1.35\apache-tomcat-10.1.35\webapps\ROOT]
24-Feb-2025 15:38:43.099 INFOS [main] org.apache.catalina.startup.HostConfig.deployDirectory Le déploiement du répertoire [C:\Users\lou-a\OneDrive\Bureau\EPF\4A\S8\JAVA\apache-tomcat-10.1.35\apache-tomcat-10.1.35\webapps\ROOT] de l'application web s'est terminé en [51] ms
24-Feb-2025 15:38:43.103 INFOS [main] org.apache.coyote.AbstractProtocol.start Démarrage du gestionnaire de protocole ["http-nio-8080"]
24-Feb-2025 15:38:43.144 INFOS [main] org.apache.catalina.startup.Catalina.start Le démarrage du serveur a pris [4864] millisecondes
